(sp,end,terminal,reel1,reel2,reel3)
0:(0,false,false,0,0,0)
1:(0,false,false,0,0,1)
2:(0,false,false,0,0,2)
3:(0,false,false,0,1,0)
4:(0,false,false,0,1,1)
5:(0,false,false,0,1,2)
6:(0,false,false,0,2,0)
7:(0,false,false,0,2,1)
8:(0,false,false,0,2,2)
9:(0,false,false,1,0,0)
10:(0,false,false,1,0,1)
11:(0,false,false,1,0,2)
12:(0,false,false,1,1,0)
13:(0,false,false,1,1,1)
14:(0,false,false,1,1,2)
15:(0,false,false,1,2,0)
16:(0,false,false,1,2,1)
17:(0,false,false,1,2,2)
18:(0,false,false,2,0,0)
19:(0,false,false,2,0,1)
20:(0,false,false,2,0,2)
21:(0,false,false,2,1,0)
22:(0,false,false,2,1,1)
23:(0,false,false,2,1,2)
24:(0,false,false,2,2,0)
25:(0,false,false,2,2,1)
26:(0,false,false,2,2,2)
27:(0,true,false,0,0,0)
28:(0,true,false,0,0,1)
29:(0,true,false,0,0,2)
30:(0,true,false,0,1,0)
31:(0,true,false,0,1,1)
32:(0,true,false,0,1,2)
33:(0,true,false,0,2,0)
34:(0,true,false,0,2,1)
35:(0,true,false,0,2,2)
36:(0,true,false,1,0,0)
37:(0,true,false,1,0,1)
38:(0,true,false,1,0,2)
39:(0,true,false,1,1,0)
40:(0,true,false,1,1,1)
41:(0,true,false,1,1,2)
42:(0,true,false,1,2,0)
43:(0,true,false,1,2,1)
44:(0,true,false,1,2,2)
45:(0,true,false,2,0,0)
46:(0,true,false,2,0,1)
47:(0,true,false,2,0,2)
48:(0,true,false,2,1,0)
49:(0,true,false,2,1,1)
50:(0,true,false,2,1,2)
51:(0,true,false,2,2,0)
52:(0,true,false,2,2,1)
53:(0,true,false,2,2,2)
54:(0,true,true,0,0,0)
55:(0,true,true,0,0,1)
56:(0,true,true,0,0,2)
57:(0,true,true,0,1,0)
58:(0,true,true,0,1,1)
59:(0,true,true,0,1,2)
60:(0,true,true,0,2,0)
61:(0,true,true,0,2,1)
62:(0,true,true,0,2,2)
63:(0,true,true,1,0,0)
64:(0,true,true,1,0,1)
65:(0,true,true,1,0,2)
66:(0,true,true,1,1,0)
67:(0,true,true,1,1,1)
68:(0,true,true,1,1,2)
69:(0,true,true,1,2,0)
70:(0,true,true,1,2,1)
71:(0,true,true,1,2,2)
72:(0,true,true,2,0,0)
73:(0,true,true,2,0,1)
74:(0,true,true,2,0,2)
75:(0,true,true,2,1,0)
76:(0,true,true,2,1,1)
77:(0,true,true,2,1,2)
78:(0,true,true,2,2,0)
79:(0,true,true,2,2,1)
80:(0,true,true,2,2,2)
81:(1,false,false,0,0,1)
82:(1,false,false,0,0,2)
83:(1,false,false,0,1,0)
84:(1,false,false,0,1,1)
85:(1,false,false,0,1,2)
86:(1,false,false,0,2,0)
87:(1,false,false,0,2,1)
88:(1,false,false,0,2,2)
89:(1,false,false,1,0,0)
90:(1,false,false,1,0,1)
91:(1,false,false,1,0,2)
92:(1,false,false,1,1,0)
93:(1,false,false,1,1,1)
94:(1,false,false,1,1,2)
95:(1,false,false,1,2,0)
96:(1,false,false,1,2,1)
97:(1,false,false,1,2,2)
98:(1,false,false,2,0,0)
99:(1,false,false,2,0,1)
100:(1,false,false,2,0,2)
101:(1,false,false,2,1,0)
102:(1,false,false,2,1,1)
103:(1,false,false,2,1,2)
104:(1,false,false,2,2,0)
105:(1,false,false,2,2,1)
106:(1,false,false,2,2,2)
107:(1,true,false,0,0,1)
108:(1,true,false,0,0,2)
109:(1,true,false,0,1,0)
110:(1,true,false,0,1,1)
111:(1,true,false,0,1,2)
112:(1,true,false,0,2,0)
113:(1,true,false,0,2,1)
114:(1,true,false,0,2,2)
115:(1,true,false,1,0,0)
116:(1,true,false,1,0,1)
117:(1,true,false,1,0,2)
118:(1,true,false,1,1,0)
119:(1,true,false,1,1,1)
120:(1,true,false,1,1,2)
121:(1,true,false,1,2,0)
122:(1,true,false,1,2,1)
123:(1,true,false,1,2,2)
124:(1,true,false,2,0,0)
125:(1,true,false,2,0,1)
126:(1,true,false,2,0,2)
127:(1,true,false,2,1,0)
128:(1,true,false,2,1,1)
129:(1,true,false,2,1,2)
130:(1,true,false,2,2,0)
131:(1,true,false,2,2,1)
132:(1,true,false,2,2,2)
133:(1,true,true,0,0,1)
134:(1,true,true,0,0,2)
135:(1,true,true,0,1,0)
136:(1,true,true,0,1,1)
137:(1,true,true,0,1,2)
138:(1,true,true,0,2,0)
139:(1,true,true,0,2,1)
140:(1,true,true,0,2,2)
141:(1,true,true,1,0,0)
142:(1,true,true,1,0,1)
143:(1,true,true,1,0,2)
144:(1,true,true,1,1,0)
145:(1,true,true,1,1,1)
146:(1,true,true,1,1,2)
147:(1,true,true,1,2,0)
148:(1,true,true,1,2,1)
149:(1,true,true,1,2,2)
150:(1,true,true,2,0,0)
151:(1,true,true,2,0,1)
152:(1,true,true,2,0,2)
153:(1,true,true,2,1,0)
154:(1,true,true,2,1,1)
155:(1,true,true,2,1,2)
156:(1,true,true,2,2,0)
157:(1,true,true,2,2,1)
158:(1,true,true,2,2,2)
159:(2,false,false,0,0,1)
160:(2,false,false,0,0,2)
161:(2,false,false,0,1,0)
162:(2,false,false,0,1,1)
163:(2,false,false,0,1,2)
164:(2,false,false,0,2,0)
165:(2,false,false,0,2,1)
166:(2,false,false,0,2,2)
167:(2,false,false,1,0,0)
168:(2,false,false,1,0,1)
169:(2,false,false,1,0,2)
170:(2,false,false,1,1,0)
171:(2,false,false,1,1,1)
172:(2,false,false,1,1,2)
173:(2,false,false,1,2,0)
174:(2,false,false,1,2,1)
175:(2,false,false,1,2,2)
176:(2,false,false,2,0,0)
177:(2,false,false,2,0,1)
178:(2,false,false,2,0,2)
179:(2,false,false,2,1,0)
180:(2,false,false,2,1,1)
181:(2,false,false,2,1,2)
182:(2,false,false,2,2,0)
183:(2,false,false,2,2,1)
184:(2,false,false,2,2,2)
185:(2,true,false,0,0,1)
186:(2,true,false,0,0,2)
187:(2,true,false,0,1,0)
188:(2,true,false,0,1,1)
189:(2,true,false,0,1,2)
190:(2,true,false,0,2,0)
191:(2,true,false,0,2,1)
192:(2,true,false,0,2,2)
193:(2,true,false,1,0,0)
194:(2,true,false,1,0,1)
195:(2,true,false,1,0,2)
196:(2,true,false,1,1,0)
197:(2,true,false,1,1,1)
198:(2,true,false,1,1,2)
199:(2,true,false,1,2,0)
200:(2,true,false,1,2,1)
201:(2,true,false,1,2,2)
202:(2,true,false,2,0,0)
203:(2,true,false,2,0,1)
204:(2,true,false,2,0,2)
205:(2,true,false,2,1,0)
206:(2,true,false,2,1,1)
207:(2,true,false,2,1,2)
208:(2,true,false,2,2,0)
209:(2,true,false,2,2,1)
210:(2,true,false,2,2,2)
211:(2,true,true,0,0,1)
212:(2,true,true,0,0,2)
213:(2,true,true,0,1,0)
214:(2,true,true,0,1,1)
215:(2,true,true,0,1,2)
216:(2,true,true,0,2,0)
217:(2,true,true,0,2,1)
218:(2,true,true,0,2,2)
219:(2,true,true,1,0,0)
220:(2,true,true,1,0,1)
221:(2,true,true,1,0,2)
222:(2,true,true,1,1,0)
223:(2,true,true,1,1,1)
224:(2,true,true,1,1,2)
225:(2,true,true,1,2,0)
226:(2,true,true,1,2,1)
227:(2,true,true,1,2,2)
228:(2,true,true,2,0,0)
229:(2,true,true,2,0,1)
230:(2,true,true,2,0,2)
231:(2,true,true,2,1,0)
232:(2,true,true,2,1,1)
233:(2,true,true,2,1,2)
234:(2,true,true,2,2,0)
235:(2,true,true,2,2,1)
236:(2,true,true,2,2,2)
237:(3,false,false,0,0,1)
238:(3,false,false,0,0,2)
239:(3,false,false,0,1,0)
240:(3,false,false,0,1,1)
241:(3,false,false,0,1,2)
242:(3,false,false,0,2,0)
243:(3,false,false,0,2,1)
244:(3,false,false,0,2,2)
245:(3,false,false,1,0,0)
246:(3,false,false,1,0,1)
247:(3,false,false,1,0,2)
248:(3,false,false,1,1,0)
249:(3,false,false,1,1,1)
250:(3,false,false,1,1,2)
251:(3,false,false,1,2,0)
252:(3,false,false,1,2,1)
253:(3,false,false,1,2,2)
254:(3,false,false,2,0,0)
255:(3,false,false,2,0,1)
256:(3,false,false,2,0,2)
257:(3,false,false,2,1,0)
258:(3,false,false,2,1,1)
259:(3,false,false,2,1,2)
260:(3,false,false,2,2,0)
261:(3,false,false,2,2,1)
262:(3,false,false,2,2,2)
263:(3,true,false,0,0,1)
264:(3,true,false,0,0,2)
265:(3,true,false,0,1,0)
266:(3,true,false,0,1,1)
267:(3,true,false,0,1,2)
268:(3,true,false,0,2,0)
269:(3,true,false,0,2,1)
270:(3,true,false,0,2,2)
271:(3,true,false,1,0,0)
272:(3,true,false,1,0,1)
273:(3,true,false,1,0,2)
274:(3,true,false,1,1,0)
275:(3,true,false,1,1,1)
276:(3,true,false,1,1,2)
277:(3,true,false,1,2,0)
278:(3,true,false,1,2,1)
279:(3,true,false,1,2,2)
280:(3,true,false,2,0,0)
281:(3,true,false,2,0,1)
282:(3,true,false,2,0,2)
283:(3,true,false,2,1,0)
284:(3,true,false,2,1,1)
285:(3,true,false,2,1,2)
286:(3,true,false,2,2,0)
287:(3,true,false,2,2,1)
288:(3,true,false,2,2,2)
289:(3,true,true,0,0,1)
290:(3,true,true,0,0,2)
291:(3,true,true,0,1,0)
292:(3,true,true,0,1,1)
293:(3,true,true,0,1,2)
294:(3,true,true,0,2,0)
295:(3,true,true,0,2,1)
296:(3,true,true,0,2,2)
297:(3,true,true,1,0,0)
298:(3,true,true,1,0,1)
299:(3,true,true,1,0,2)
300:(3,true,true,1,1,0)
301:(3,true,true,1,1,1)
302:(3,true,true,1,1,2)
303:(3,true,true,1,2,0)
304:(3,true,true,1,2,1)
305:(3,true,true,1,2,2)
306:(3,true,true,2,0,0)
307:(3,true,true,2,0,1)
308:(3,true,true,2,0,2)
309:(3,true,true,2,1,0)
310:(3,true,true,2,1,1)
311:(3,true,true,2,1,2)
312:(3,true,true,2,2,0)
313:(3,true,true,2,2,1)
314:(3,true,true,2,2,2)
315:(4,false,false,0,0,1)
316:(4,false,false,0,0,2)
317:(4,false,false,0,1,0)
318:(4,false,false,0,1,1)
319:(4,false,false,0,1,2)
320:(4,false,false,0,2,0)
321:(4,false,false,0,2,1)
322:(4,false,false,0,2,2)
323:(4,false,false,1,0,0)
324:(4,false,false,1,0,1)
325:(4,false,false,1,0,2)
326:(4,false,false,1,1,0)
327:(4,false,false,1,1,1)
328:(4,false,false,1,1,2)
329:(4,false,false,1,2,0)
330:(4,false,false,1,2,1)
331:(4,false,false,1,2,2)
332:(4,false,false,2,0,0)
333:(4,false,false,2,0,1)
334:(4,false,false,2,0,2)
335:(4,false,false,2,1,0)
336:(4,false,false,2,1,1)
337:(4,false,false,2,1,2)
338:(4,false,false,2,2,0)
339:(4,false,false,2,2,1)
340:(4,false,false,2,2,2)
341:(4,true,false,0,0,1)
342:(4,true,false,0,0,2)
343:(4,true,false,0,1,0)
344:(4,true,false,0,1,1)
345:(4,true,false,0,1,2)
346:(4,true,false,0,2,0)
347:(4,true,false,0,2,1)
348:(4,true,false,0,2,2)
349:(4,true,false,1,0,0)
350:(4,true,false,1,0,1)
351:(4,true,false,1,0,2)
352:(4,true,false,1,1,0)
353:(4,true,false,1,1,1)
354:(4,true,false,1,1,2)
355:(4,true,false,1,2,0)
356:(4,true,false,1,2,1)
357:(4,true,false,1,2,2)
358:(4,true,false,2,0,0)
359:(4,true,false,2,0,1)
360:(4,true,false,2,0,2)
361:(4,true,false,2,1,0)
362:(4,true,false,2,1,1)
363:(4,true,false,2,1,2)
364:(4,true,false,2,2,0)
365:(4,true,false,2,2,1)
366:(4,true,false,2,2,2)
367:(4,true,true,0,0,1)
368:(4,true,true,0,0,2)
369:(4,true,true,0,1,0)
370:(4,true,true,0,1,1)
371:(4,true,true,0,1,2)
372:(4,true,true,0,2,0)
373:(4,true,true,0,2,1)
374:(4,true,true,0,2,2)
375:(4,true,true,1,0,0)
376:(4,true,true,1,0,1)
377:(4,true,true,1,0,2)
378:(4,true,true,1,1,0)
379:(4,true,true,1,1,1)
380:(4,true,true,1,1,2)
381:(4,true,true,1,2,0)
382:(4,true,true,1,2,1)
383:(4,true,true,1,2,2)
384:(4,true,true,2,0,0)
385:(4,true,true,2,0,1)
386:(4,true,true,2,0,2)
387:(4,true,true,2,1,0)
388:(4,true,true,2,1,1)
389:(4,true,true,2,1,2)
390:(4,true,true,2,2,0)
391:(4,true,true,2,2,1)
392:(4,true,true,2,2,2)
393:(5,false,false,0,0,1)
394:(5,false,false,0,0,2)
395:(5,false,false,0,1,0)
396:(5,false,false,0,1,1)
397:(5,false,false,0,1,2)
398:(5,false,false,0,2,0)
399:(5,false,false,0,2,1)
400:(5,false,false,0,2,2)
401:(5,false,false,1,0,0)
402:(5,false,false,1,0,1)
403:(5,false,false,1,0,2)
404:(5,false,false,1,1,0)
405:(5,false,false,1,1,1)
406:(5,false,false,1,1,2)
407:(5,false,false,1,2,0)
408:(5,false,false,1,2,1)
409:(5,false,false,1,2,2)
410:(5,false,false,2,0,0)
411:(5,false,false,2,0,1)
412:(5,false,false,2,0,2)
413:(5,false,false,2,1,0)
414:(5,false,false,2,1,1)
415:(5,false,false,2,1,2)
416:(5,false,false,2,2,0)
417:(5,false,false,2,2,1)
418:(5,false,false,2,2,2)
419:(5,true,false,0,0,1)
420:(5,true,false,0,0,2)
421:(5,true,false,0,1,0)
422:(5,true,false,0,1,1)
423:(5,true,false,0,1,2)
424:(5,true,false,0,2,0)
425:(5,true,false,0,2,1)
426:(5,true,false,0,2,2)
427:(5,true,false,1,0,0)
428:(5,true,false,1,0,1)
429:(5,true,false,1,0,2)
430:(5,true,false,1,1,0)
431:(5,true,false,1,1,1)
432:(5,true,false,1,1,2)
433:(5,true,false,1,2,0)
434:(5,true,false,1,2,1)
435:(5,true,false,1,2,2)
436:(5,true,false,2,0,0)
437:(5,true,false,2,0,1)
438:(5,true,false,2,0,2)
439:(5,true,false,2,1,0)
440:(5,true,false,2,1,1)
441:(5,true,false,2,1,2)
442:(5,true,false,2,2,0)
443:(5,true,false,2,2,1)
444:(5,true,false,2,2,2)
445:(5,true,true,0,0,1)
446:(5,true,true,0,0,2)
447:(5,true,true,0,1,0)
448:(5,true,true,0,1,1)
449:(5,true,true,0,1,2)
450:(5,true,true,0,2,0)
451:(5,true,true,0,2,1)
452:(5,true,true,0,2,2)
453:(5,true,true,1,0,0)
454:(5,true,true,1,0,1)
455:(5,true,true,1,0,2)
456:(5,true,true,1,1,0)
457:(5,true,true,1,1,1)
458:(5,true,true,1,1,2)
459:(5,true,true,1,2,0)
460:(5,true,true,1,2,1)
461:(5,true,true,1,2,2)
462:(5,true,true,2,0,0)
463:(5,true,true,2,0,1)
464:(5,true,true,2,0,2)
465:(5,true,true,2,1,0)
466:(5,true,true,2,1,1)
467:(5,true,true,2,1,2)
468:(5,true,true,2,2,0)
469:(5,true,true,2,2,1)
470:(5,true,true,2,2,2)
